bilibili BV1554y1b76i_p1
bilibili BV1554y1b76i_p2
bilibili BV1554y1b76i_p3
bilibili BV15S4y1d77W_p1
bilibili BV15S4y1d77W_p2
bilibili BV15S4y1d77W_p3
bilibili BV15S4y1d77W_p4
bilibili BV15S4y1d77W_p5
bilibili BV15S4y1d77W_p6
bilibili BV15S4y1d77W_p7
bilibili BV15S4y1d77W_p8
bilibili BV1QL411u7Vd_p1
bilibili BV1QL411u7Vd_p2
bilibili BV1QL411u7Vd_p3
bilibili BV1QL411u7Vd_p4
bilibili BV1QL411u7Vd_p5
bilibili BV1QL411u7Vd_p6
bilibili BV1HY411x74C_p1
bilibili BV1HY411x74C_p2
bilibili BV1HY411x74C_p3
bilibili BV1HY411x74C_p4
bilibili BV1uL411g7yD_p1
bilibili BV1uL411g7yD_p2
bilibili BV1uL411g7yD_p3
bilibili BV1uL411g7yD_p4
bilibili BV1uL411g7yD_p5
bilibili BV1uL411g7yD_p6
bilibili BV1uL411g7yD_p7
bilibili BV16F411h7oH_p1
bilibili BV16F411h7oH_p2
bilibili BV16F411h7oH_p3
bilibili BV16F411h7oH_p4
bilibili BV16F411h7oH_p5
bilibili BV16F411h7oH_p6
bilibili BV16F411h7oH_p7
bilibili BV1634y1d7DL_p1
bilibili BV1634y1d7DL_p2
bilibili BV1634y1d7DL_p3
bilibili BV1634y1d7DL_p4
bilibili BV1UF411b79r_p1
bilibili BV1UF411b79r_p2
bilibili BV1UF411b79r_p3
bilibili BV1UF411b79r_p4
bilibili BV1UF411b79r_p5
bilibili BV1UF411b79r_p6
bilibili BV1UF411b79r_p7
bilibili BV1EL41177gS_p1
bilibili BV1EL41177gS_p2
bilibili BV1EL41177gS_p3
bilibili BV1EL41177gS_p4
bilibili BV1EL41177gS_p5
bilibili BV1EL41177gS_p6
bilibili BV1EL41177gS_p7
bilibili BV1eM4y1w7wW_p1
bilibili BV1eM4y1w7wW_p2
bilibili BV1eM4y1w7wW_p3
bilibili BV1Mb411t7Fm_p1
bilibili BV1Mb411t7Fm_p2
bilibili BV1Mb411t7Fm_p3
bilibili BV1eM4y1w7wW_p4
bilibili BV1eM4y1w7wW_p5
bilibili BV1eM4y1w7wW_p6
bilibili BV1eM4y1w7wW_p7
bilibili BV1eM4y1w7wW_p8
